
RAxML-NG v. 0.8.0 BETA released on 11.01.2019 by The Exelixis Lab.
Authors: Alexey Kozlov, Alexandros Stamatakis, Diego Darriba, Tomas Flouri, Benoit Morel.
Latest version: https://github.com/amkozlov/raxml-ng
Questions/problems/suggestions? Please visit: https://groups.google.com/forum/#!forum/raxml

WARNING: This is a BETA release, please use at your own risk!

RAxML-NG was called at 17-Apr-2019 21:07:39 as follows:

raxml-ng --msa alignment.fa --model GTR+G --prefix GTR --parse --threads 16

Analysis options:
  run mode: Alignment parsing and compression
  start tree(s): 
  random seed: 1555553259
  tip-inner: OFF
  pattern compression: ON
  per-rate scalers: OFF
  site repeats: ON
  branch lengths: proportional (ML estimate, algorithm: NR-FAST)
  SIMD kernels: AVX
  parallelization: PTHREADS (16 threads), thread pinning: OFF

[00:00:00] Reading alignment from file: alignment.fa
[00:00:00] Loaded alignment with 41 taxa and 395699 sites

ERROR: Invalid character in sequence 1 at position 2: I
ERROR: Invalid character in sequence 1 at position 3: Q
ERROR: Invalid character in sequence 1 at position 4: L
ERROR: Invalid character in sequence 1 at position 6: E
ERROR: Invalid character in sequence 1 at position 8: I
ERROR: Invalid character in sequence 1 at position 9: P
ERROR: Invalid character in sequence 1 at position 10: L
ERROR: Invalid character in sequence 1 at position 12: E
ERROR: Invalid character in sequence 1 at position 13: E
ERROR: Invalid character in sequence 1 at position 14: I
ERROR: Invalid character in sequence 1 at position 21: F
ERROR: Invalid character in sequence 1 at position 23: P
ERROR: Invalid character in sequence 1 at position 25: I
ERROR: Invalid character in sequence 1 at position 27: I
ERROR: Invalid character in sequence 1 at position 28: P
ERROR: Invalid character in sequence 1 at position 31: I
ERROR: Invalid character in sequence 1 at position 33: Q
ERROR: Invalid character in sequence 1 at position 35: E
ERROR: Invalid character in sequence 1 at position 40: E
ERROR: Invalid character in sequence 1 at position 44: E
ERROR: Invalid character in sequence 1 at position 48: F
ERROR: Invalid character in sequence 1 at position 56: L
ERROR: Invalid character in sequence 1 at position 60: L
ERROR: Invalid character in sequence 1 at position 64: F
ERROR: Invalid character in sequence 1 at position 66: L
ERROR: Invalid character in sequence 1 at position 67: F
ERROR: Invalid character in sequence 1 at position 71: L
ERROR: Invalid character in sequence 1 at position 76: P
ERROR: Invalid character in sequence 1 at position 78: Q
ERROR: Invalid character in sequence 1 at position 82: Q
ERROR: Invalid character in sequence 1 at position 84: E
ERROR: Invalid character in sequence 1 at position 86: E
ERROR: Invalid character in sequence 1 at position 91: I
ERROR: Invalid character in sequence 1 at position 94: E
ERROR: Invalid character in sequence 1 at position 106: F
ERROR: Invalid character in sequence 1 at position 113: F
ERROR: Invalid character in sequence 1 at position 117: E
ERROR: Invalid character in sequence 1 at position 119: L
ERROR: Invalid character in sequence 1 at position 120: I
ERROR: Invalid character in sequence 1 at position 121: E
ERROR: Invalid character in sequence 1 at position 128: E
ERROR: Invalid character in sequence 1 at position 129: L
ERROR: Invalid character in sequence 1 at position 138: L
ERROR: Invalid character in sequence 1 at position 143: L
ERROR: Invalid character in sequence 1 at position 149: P
ERROR: Invalid character in sequence 1 at position 150: Q
ERROR: Invalid character in sequence 1 at position 154: F
ERROR: Invalid character in sequence 1 at position 159: F
ERROR: Invalid character in sequence 1 at position 162: F
ERROR: Invalid character in sequence 1 at position 166: I
ERROR: Invalid character in sequence 1 at position 169: F
ERROR: Invalid character in sequence 1 at position 170: L
ERROR: Invalid character in sequence 1 at position 173: I
ERROR: Invalid character in sequence 1 at position 178: L
ERROR: Invalid character in sequence 1 at position 181: P
ERROR: Invalid character in sequence 1 at position 185: L
ERROR: Invalid character in sequence 1 at position 190: P
ERROR: Invalid character in sequence 1 at position 192: E
ERROR: Invalid character in sequence 1 at position 195: F
ERROR: Invalid character in sequence 1 at position 197: P
ERROR: Invalid character in sequence 1 at position 200: L
ERROR: Invalid character in sequence 1 at position 202: F
ERROR: Invalid character in sequence 1 at position 203: I
ERROR: Invalid character in sequence 1 at position 208: F
ERROR: Invalid character in sequence 1 at position 209: E
ERROR: Invalid character in sequence 1 at position 225: I
ERROR: Invalid character in sequence 1 at position 227: L
ERROR: Invalid character in sequence 1 at position 234: E
ERROR: Invalid character in sequence 1 at position 240: E
ERROR: Invalid character in sequence 1 at position 244: F
ERROR: Invalid character in sequence 1 at position 246: F
ERROR: Invalid character in sequence 1 at position 250: P
ERROR: Invalid character in sequence 1 at position 252: I
ERROR: Invalid character in sequence 1 at position 254: I
ERROR: Invalid character in sequence 1 at position 255: L
ERROR: Invalid character in sequence 1 at position 266: I
ERROR: Invalid character in sequence 1 at position 278: E
ERROR: Invalid character in sequence 1 at position 286: P
ERROR: Invalid character in sequence 1 at position 289: Q
ERROR: Invalid character in sequence 1 at position 297: Q
ERROR: Invalid character in sequence 1 at position 300: I
ERROR: Invalid character in sequence 1 at position 303: P
ERROR: Invalid character in sequence 1 at position 304: L
ERROR: Invalid character in sequence 1 at position 315: P
ERROR: Invalid character in sequence 1 at position 317: P
ERROR: Invalid character in sequence 1 at position 323: E
ERROR: Invalid character in sequence 1 at position 324: L
ERROR: Invalid character in sequence 1 at position 325: P
ERROR: Invalid character in sequence 1 at position 333: L
ERROR: Invalid character in sequence 1 at position 337: L
ERROR: Invalid character in sequence 1 at position 341: L
ERROR: Invalid character in sequence 1 at position 343: Q
ERROR: Invalid character in sequence 1 at position 346: L
ERROR: Invalid character in sequence 1 at position 350: E
ERROR: Invalid character in sequence 1 at position 352: L
ERROR: Invalid character in sequence 1 at position 354: P
ERROR: Invalid character in sequence 1 at position 359: L
ERROR: Invalid character in sequence 1 at position 360: L
ERROR: Invalid character in sequence 1 at position 361: Q
ERROR: Invalid character in sequence 1 at position 363: P

ERROR: Alignment check failed (see details above)!

