
RAxML-NG v. 0.8.0 BETA released on 11.01.2019 by The Exelixis Lab.
Authors: Alexey Kozlov, Alexandros Stamatakis, Diego Darriba, Tomas Flouri, Benoit Morel.
Latest version: https://github.com/amkozlov/raxml-ng
Questions/problems/suggestions? Please visit: https://groups.google.com/forum/#!forum/raxml

WARNING: This is a BETA release, please use at your own risk!

RAxML-NG was called at 17-Apr-2019 21:22:25 as follows:

raxml-ng --all --msa alignment.fa --model PROTGTR --tree pars{10} --msa-format FASTA --data-type AA --bs-trees 100 --prefix PROTGTR --threads 16

Analysis options:
  run mode: ML tree search + bootstrapping (Felsenstein Bootstrap)
  start tree(s): parsimony (10)
  bootstrap replicates: 100
  random seed: 1555554145
  tip-inner: OFF
  pattern compression: ON
  per-rate scalers: OFF
  site repeats: ON
  branch lengths: proportional (ML estimate, algorithm: NR-FAST)
  SIMD kernels: AVX
  parallelization: PTHREADS (16 threads), thread pinning: OFF

[00:00:00] Reading alignment from file: alignment.fa
[00:00:00] Loaded alignment with 41 taxa and 395699 sites

Alignment comprises 1 partitions and 340036 patterns

Partition 0: noname
Model: PROTGTR+FO
Alignment sites / patterns: 395699 / 340036
Gaps: 31.46 %
Invariant sites: 15.66 %


NOTE: Binary MSA file created: PROTGTR.raxml.rba

[00:00:01] Generating 10 parsimony starting tree(s) with 41 taxa
[00:00:32] Data distribution: max. partitions/sites/weight per thread: 1 / 21253 / 425060

Starting ML tree search with 10 distinct starting trees

