
RAxML-NG v. 0.8.0 BETA released on 11.01.2019 by The Exelixis Lab.
Authors: Alexey Kozlov, Alexandros Stamatakis, Diego Darriba, Tomas Flouri, Benoit Morel.
Latest version: https://github.com/amkozlov/raxml-ng
Questions/problems/suggestions? Please visit: https://groups.google.com/forum/#!forum/raxml

WARNING: This is a BETA release, please use at your own risk!

RAxML-NG was called at 11-Apr-2019 17:23:42 as follows:

raxml-ng --all --msa alignment.fa --model WAG+G --prefix T15 --seed 2 --threads 2 --bs-metric fbp,tbe

Analysis options:
  run mode: ML tree search + bootstrapping (Felsenstein Bootstrap + Transfer Bootstrap)
  start tree(s): random (10) + parsimony (10)
  bootstrap replicates: max: 1000 + bootstopping (autoMRE, cutoff: 0.030000)
  random seed: 2
  tip-inner: OFF
  pattern compression: ON
  per-rate scalers: OFF
  site repeats: ON
  branch lengths: proportional (ML estimate, algorithm: NR-FAST)
  SIMD kernels: AVX
  parallelization: PTHREADS (2 threads), thread pinning: OFF

[00:00:00] Reading alignment from file: alignment.fa
[00:00:00] Loaded alignment with 41 taxa and 395699 sites

Alignment comprises 1 partitions and 340036 patterns

Partition 0: noname
Model: WAG+G4m
Alignment sites / patterns: 395699 / 340036
Gaps: 31.46 %
Invariant sites: 15.66 %


NOTE: Binary MSA file created: T15.raxml.rba

[00:00:01] Generating 10 random starting tree(s) with 41 taxa
[00:00:01] Generating 10 parsimony starting tree(s) with 41 taxa
[00:00:28] Data distribution: max. partitions/sites/weight per thread: 1 / 170018 / 13601440

Starting ML tree search with 20 distinct starting trees


RAxML-NG v. 0.8.0 BETA released on 11.01.2019 by The Exelixis Lab.
Authors: Alexey Kozlov, Alexandros Stamatakis, Diego Darriba, Tomas Flouri, Benoit Morel.
Latest version: https://github.com/amkozlov/raxml-ng
Questions/problems/suggestions? Please visit: https://groups.google.com/forum/#!forum/raxml

WARNING: This is a BETA release, please use at your own risk!

RAxML-NG was called at 11-Apr-2019 18:21:13 as follows:

raxml-ng --all --msa align.nxs --model WAG+G --prefix T15 --seed 2 --threads 4 --bs-metric fbp,tbe

Analysis options:
  run mode: ML tree search + bootstrapping (Felsenstein Bootstrap + Transfer Bootstrap)
  start tree(s): random (10) + parsimony (10)
  bootstrap replicates: max: 1000 + bootstopping (autoMRE, cutoff: 0.030000)
  random seed: 2
  tip-inner: OFF
  pattern compression: ON
  per-rate scalers: OFF
  site repeats: ON
  branch lengths: proportional (ML estimate, algorithm: NR-FAST)
  SIMD kernels: AVX
  parallelization: PTHREADS (4 threads), thread pinning: OFF

WARNING: The model you specified on the command line (WAG+G) will be ignored 
         since the binary MSA file already contains a model definition.
         If you want to change the model, please re-run RAxML-NG 
         with the original PHYLIP/FASTA alignment and --redo option.

[00:00:00] Loading binary alignment from file: T15.raxml.rba
[00:00:00] Alignment comprises 41 taxa, 1 partitions and 340036 patterns

Partition 0: noname
Model: WAG+G4m
Alignment sites / patterns: 395699 / 340036
Gaps: 31.46 %
Invariant sites: 15.66 %


[00:00:00] NOTE: Resuming execution from checkpoint (logLH: -8272474.92, ML trees: 0, bootstraps: 0)
[00:00:00] Data distribution: max. partitions/sites/weight per thread: 1 / 85009 / 6800720

Starting ML tree search with 20 distinct starting trees

