
P A U P *
Version 4.0a (build 165) for Unix/Linux (built on Apr  1 2019 at 23:00:36)
Wed Apr 17 18:59:40 2019


paup> outgroup 2

Outgroup status changed:
  1 taxon transferred to outgroup
  Total number of taxa now in outgroup = 1
  Number of ingroup taxa = 40

paup> outgroup 13

Outgroup status changed:
  1 taxon transferred to outgroup
  Total number of taxa now in outgroup = 2
  Number of ingroup taxa = 39

paup> bootstrap nreps=20 treefile=boot.tre search=heuristic /start=stepwise addseq=random nreps=5 swap=TBR;

OK to replace file "boot.tre"? (Y/n)Y

Bootstrap method with heuristic search:
  Number of bootstrap replicates = 20
  Starting seed = generated automatically
  Number of characters resampled in each replicate = 395699
  Optimality criterion = parsimony
    Character-status summary:
      Of 395699 total characters:
        All characters are of type 'unord'
        All characters have equal weight
        116669 characters are constant (proportion = 0.294843)
        67579 variable characters are parsimony-uninformative
        Number of parsimony-informative characters = 211451
    Gaps are treated as "missing"
  Starting tree(s) obtained via stepwise addition
    Addition sequence: random
    Number of replicates = 5
    Starting seed = generated automatically
    Number of trees held at each step = 1
  Branch-swapping algorithm: tree-bisection-reconnection (TBR) with reconnection limit = 8
    Steepest descent option not in effect
  Initial 'Maxtrees' setting = 100
  Branches collapsed (creating polytomies) if maximum branch length is zero
  'MulTrees' option in effect
  No topological constraints in effect
  Trees are unrooted

    Elapsed        AddSeq   Taxa      Rearr. -- Number of trees --   ----- Best trees ----
       time    Rep    rep  added      tried     saved   to swap      this rep      overall
  ----------------------------------------------------------------------------------------
    0:01:00      1      5      -      59873         1         1       1386736      1386419
    0:02:00      2      4      -      49252         1         1       1384480      1384480
    0:03:00      3      3     41          -         1         -             -      1384140
    0:04:00      4      2      -      13114         2         1       1384761      1384708
    0:05:00      5      1      -       3698         0         1       1385869      1385869
    0:06:00      6      1     31          -         0         -             -            -
    0:07:00      7      1     41        801         1         1       1386273      1386273
    0:08:00      7      5      -      67802         1         1       1386273      1386273
    0:09:00      8      4      -      58269         1         1       1381929      1381929
    0:10:00      9      3      -      42382         1         1       1385385      1385385
    0:11:00     10      3      -      33209         1         1       1385265      1385265
    0:12:00     11      3      -      38163         1         1       1385639      1385639
    0:13:00     12      3      -      28094         1         1       1388584      1387776
    0:14:00     13      2      -      21452         1         1       1385784      1385474
    0:15:00     14      1      -         20         0         1       1390672      1390672
    0:16:00     15      1      -       1398         1         1       1382143      1382143
    0:17:00     16      1      -      12686         0         1       1385919      1385919
    0:18:00     17      1      -       2893         0         1       1385722      1385722
    0:19:00     17      5      -      65782         1         1       1385368      1385368
    0:20:00     18      4      -      57512         1         1       1387459      1387179
    0:21:00     19      3      -      37559         1         1       1382701      1382701
    0:22:00     20      3      -      33099         1         1       1390820      1390820
    0:22:36     20      5      -      74256         0         -       1390820      1390820

  20 bootstrap replicates completed
  Time used = 00:22:36 (CPU time = 00:22:36.2)

Trees for each replicate written to treefile: ~/EEOB563_labs/Final/boot.tre

Bootstrap 50% majority-rule consensus tree

                                                                        /------------ Erenna richardi(1)
                                                                        |
                                                                        |     /------ Stephalia dilata(9)
                                                                        +-100-+
                                          /-------------60--------------+     \------ Thermopalia sp(39)
                                          |                             |
                                          |                             |     /------ Marrus claudanielis(12)
                                          |                             \-100-+
                                          |                                   \------ Physonect sp(33)
                                          |
                                          |                                   /------ Athorybia rosacea(4)
                                          |                             /-100-+
                                          |                             |     \------ Agalma elegans(40)
                              /----100----+                       /-100-+
                              |           |                 /-100-+     \------------ Halistemma rubrum(10)
                              |           |                 |     |
                              |           |                 |     \------------------ Nanomia bijuga(26)
                              |           |           /-100-+
                              |           |           |     |                 /------ Lychnagalma utricularia(15)
                              |           |           |     \-------100-------+
                              |           |     /-100-+                       \------ Physophora gilmeri(27)
                              |           |     |     |
                              |           |     |     |                       /------ Cordagalma sp(37)
                              |           \-100-+     \----------100----------+
                              |                 |                             \------ Forskalia asymmetrica(41)
                              |                 |
                              |                 |                             /------ Frillagalma vityazi(7)
                              |                 \-------------100-------------+
                              |                                               \------ Resomia ornicephala(20)
                              |
                              |                                               /------ Physalia physalis(3)
                              |                 /-------------100-------------+
                              |                 |                             \------ Rhizophysa filiformis(36)
                        /-100-+                 |
                        |     |                 |                             /------ Hydractinia symbiolongicarpus(6)
                        |     |           /-100-+     /----------100----------+
                        |     |           |     |     |                       \------ Podocoryna carnea(29)
                        |     |           |     |     |
                        |     |           |     \-100-+     /------------------------ Clytia hemisphaerica(8)
                        |     |           |           |     |
                        |     |           |           |     |                 /------ Nematostella vectensis(18)
                        |     |           |           \-100-+           /-100-+
                        |     |           |                 |           |     \------ Aiptasia pallida(31)
                        |     |           |                 |     /-100-+
                        |     |     /-100-+                 |     |     \------------ Alatina alata(32)
                        |     |     |     |                 \-100-+
                        |     |     |     |                       |           /------ Hydra magnipapillata(19)
                        |     |     |     |                       \----100----+
                        |     |     |     |                                   \------ Ectopleura larynx(22)
                        |     |     |     |
                  /-100-+     |     |     |                                   /------ Apolemia rubriversa(14)
                  |     |     |     |     |                             /-100-+
                  |     |     \-100-+     |                             |     \------ Apolemia lanosa(34)
                  |     |           |     \-------------100-------------+
                  |     |           |                                   \------------ Apolemia sp(23)
                  |     |           |
                  |     |           |                                         /------ Bargmannia amoena(11)
                  |     |           |                                   /-100-+
                  |     |           |                                   |     \------ Bargmannia elongata(30)
                  |     |           |                             /-100-+
            /-100-+     |           \-------------100-------------+     \------------ Bargmannia lata(28)
            |     |     |                                         |
            |     |     |                                         \------------------ Rudjakovia sp(21)
            |     |     |
            |     |     |                                                     /------ Prayidae D27SS7(16)
            |     |     |                                               /-100-+
            |     |     |                                               |     \------ Prayidae D27D2(17)
      /-100-+     |     \----------------------80-----------------------+
      |     |     |                                                     \------------ Hippopodius hippopus(38)
      |     |     |
      |     |     |                                                           /------ Kephyes ovata(24)
      |     |     \----------------------------100----------------------------+
/-100-+     |                                                                 \------ Chuniphyes multidentata(25)
|     |     |
|     |     \------------------------------------------------------------------------ Lilyopsis fluoracantha(5)
|     |
|     \------------------------------------------------------------------------------ Chelophyes appendiculata(35)
|
+------------------------------------------------------------------------------------ Abylopsis tetragona(2)
|
\------------------------------------------------------------------------------------ Diphyes dispar(13)

Bipartitions found in one or more trees and frequency of occurrence (bootstrap support values):

         1         2         3         44
12345678901234567890123456789012345678901          Freq        %
----------------------------------------------------------------
......*............*.....................            20  100.00%
....................................*...*            20  100.00%
..............*...........*..............            20  100.00%
...*...................................*.            20  100.00%
...*.....*.............................*.            20  100.00%
...*.....*...............*.............*.            20  100.00%
...*.....*....*..........**............*.            20  100.00%
...*.....*....*..........**.........*..**            20  100.00%
...*..*..*....*....*.....**.........*..**            20  100.00%
...........*....................*........            20  100.00%
........*.............................*..            20  100.00%
..........*..................*...........            20  100.00%
..........*................*.*...........            20  100.00%
..........*.........*......*.*...........            20  100.00%
.............*...................*.......            20  100.00%
.............*........*..........*.......            20  100.00%
..................*..*...................            20  100.00%
.................*............*..........            20  100.00%
.................*............**.........            20  100.00%
.................**..*........**.........            20  100.00%
.......*.........**..*........**.........            20  100.00%
.....*......................*............            20  100.00%
.....*.*.........**..*......*.**.........            20  100.00%
..*................................*.....            20  100.00%
..*..*.*.........**..*......*.**...*.....            20  100.00%
..*..*.*.....*...**..**.....*.**.*.*.....            20  100.00%
..*..*.*..*..*...**.***....*****.*.*.....            20  100.00%
...............**........................            20  100.00%
.......................**................            20  100.00%
.*..........*............................            20  100.00%
.*..........*.....................*......            20  100.00%
.*..*.......*.....................*......            20  100.00%
.*..*.......*..........**.........*......            20  100.00%
.*..*.......*..**......**.........*..*...            20  100.00%
.**.**.*..*.**.****.*****..*****.***.*...            20  100.00%
...............**....................*...            16   80.00%
.*******.**.********************.*****.**            12   60.00%
.**********.********************.********            10   50.00%
.**.**.**.*.**.****.*****..*****.***.**..             8   40.00%
.**.**.**.****.****.*****..*********.**..             8   40.00%
.*..*.......*..**......**.........*......             4   20.00%
........*..*....................*.....*..             2   10.00%

paup> savetrees file=bootMajRule.tree from=1 to=1 savebootp=nodelabels;

OK to replace file "bootMajRule.tree"? (Y/n)Y

1 tree saved to file "~/EEOB563_labs/Final/bootMajRule.tree"

paup> gettrees file=boot.tre StoreTreeWts=yes mode=3;

Processing TREES block from file: ~/EEOB563_labs/Final/boot.tre
  Keeping: trees from file (replacing any trees already in memory)
  20 trees read from file

  Time used = 0.00 sec (CPU time = 0.00 sec)

paup> contree all/strict=no majrule=yes usetreewts=yes treefile=bootMajRule.tre;

50% Majority-rule consensus of 20 trees (all trees equally weighted)

                                                                        /------------ Erenna richardi(1)
                                                                        |
                                                                        |     /------ Stephalia dilata(9)
                                                                        +-100-+
                                          /-------------60--------------+     \------ Thermopalia sp(39)
                                          |                             |
                                          |                             |     /------ Marrus claudanielis(12)
                                          |                             \-100-+
                                          |                                   \------ Physonect sp(33)
                                          |
                                          |                                   /------ Athorybia rosacea(4)
                                          |                             /-100-+
                                          |                             |     \------ Agalma elegans(40)
                              /----100----+                       /-100-+
                              |           |                 /-100-+     \------------ Halistemma rubrum(10)
                              |           |                 |     |
                              |           |                 |     \------------------ Nanomia bijuga(26)
                              |           |           /-100-+
                              |           |           |     |                 /------ Lychnagalma utricularia(15)
                              |           |           |     \-------100-------+
                              |           |     /-100-+                       \------ Physophora gilmeri(27)
                              |           |     |     |
                              |           |     |     |                       /------ Cordagalma sp(37)
                              |           \-100-+     \----------100----------+
                              |                 |                             \------ Forskalia asymmetrica(41)
                              |                 |
                              |                 |                             /------ Frillagalma vityazi(7)
                              |                 \-------------100-------------+
                              |                                               \------ Resomia ornicephala(20)
                              |
                              |                                               /------ Physalia physalis(3)
                              |                 /-------------100-------------+
                              |                 |                             \------ Rhizophysa filiformis(36)
                        /-100-+                 |
                        |     |                 |                             /------ Hydractinia symbiolongicarpus(6)
                        |     |           /-100-+     /----------100----------+
                        |     |           |     |     |                       \------ Podocoryna carnea(29)
                        |     |           |     |     |
                        |     |           |     \-100-+     /------------------------ Clytia hemisphaerica(8)
                        |     |           |           |     |
                        |     |           |           |     |                 /------ Nematostella vectensis(18)
                        |     |           |           \-100-+           /-100-+
                        |     |           |                 |           |     \------ Aiptasia pallida(31)
                        |     |           |                 |     /-100-+
                        |     |     /-100-+                 |     |     \------------ Alatina alata(32)
                        |     |     |     |                 \-100-+
                        |     |     |     |                       |           /------ Hydra magnipapillata(19)
                        |     |     |     |                       \----100----+
                        |     |     |     |                                   \------ Ectopleura larynx(22)
                        |     |     |     |
                  /-100-+     |     |     |                                   /------ Apolemia rubriversa(14)
                  |     |     |     |     |                             /-100-+
                  |     |     \-100-+     |                             |     \------ Apolemia lanosa(34)
                  |     |           |     \-------------100-------------+
                  |     |           |                                   \------------ Apolemia sp(23)
                  |     |           |
                  |     |           |                                         /------ Bargmannia amoena(11)
                  |     |           |                                   /-100-+
                  |     |           |                                   |     \------ Bargmannia elongata(30)
                  |     |           |                             /-100-+
            /-100-+     |           \-------------100-------------+     \------------ Bargmannia lata(28)
            |     |     |                                         |
            |     |     |                                         \------------------ Rudjakovia sp(21)
            |     |     |
            |     |     |                                                     /------ Prayidae D27SS7(16)
            |     |     |                                               /-100-+
            |     |     |                                               |     \------ Prayidae D27D2(17)
      /-100-+     |     \----------------------80-----------------------+
      |     |     |                                                     \------------ Hippopodius hippopus(38)
      |     |     |
      |     |     |                                                           /------ Kephyes ovata(24)
      |     |     \----------------------------100----------------------------+
/-100-+     |                                                                 \------ Chuniphyes multidentata(25)
|     |     |
|     |     \------------------------------------------------------------------------ Lilyopsis fluoracantha(5)
|     |
|     \------------------------------------------------------------------------------ Chelophyes appendiculata(35)
|
+------------------------------------------------------------------------------------ Abylopsis tetragona(2)
|
\------------------------------------------------------------------------------------ Diphyes dispar(13)

Bipartitions found in one or more trees and frequency of occurrence:

         1         2         3         44
12345678901234567890123456789012345678901          Freq        %
----------------------------------------------------------------
......*............*.....................            20  100.00%
....................................*...*            20  100.00%
..............*...........*..............            20  100.00%
...*...................................*.            20  100.00%
...*.....*.............................*.            20  100.00%
...*.....*...............*.............*.            20  100.00%
...*.....*....*..........**............*.            20  100.00%
...*.....*....*..........**.........*..**            20  100.00%
...*..*..*....*....*.....**.........*..**            20  100.00%
...........*....................*........            20  100.00%
........*.............................*..            20  100.00%
..........*..................*...........            20  100.00%
..........*................*.*...........            20  100.00%
..........*.........*......*.*...........            20  100.00%
.............*...................*.......            20  100.00%
.............*........*..........*.......            20  100.00%
..................*..*...................            20  100.00%
.................*............*..........            20  100.00%
.................*............**.........            20  100.00%
.................**..*........**.........            20  100.00%
.......*.........**..*........**.........            20  100.00%
.....*......................*............            20  100.00%
.....*.*.........**..*......*.**.........            20  100.00%
..*................................*.....            20  100.00%
..*..*.*.........**..*......*.**...*.....            20  100.00%
..*..*.*.....*...**..**.....*.**.*.*.....            20  100.00%
..*..*.*..*..*...**.***....*****.*.*.....            20  100.00%
...............**........................            20  100.00%
.......................**................            20  100.00%
.*..........*............................            20  100.00%
.*..........*.....................*......            20  100.00%
.*..*.......*.....................*......            20  100.00%
.*..*.......*..........**.........*......            20  100.00%
.*..*.......*..**......**.........*..*...            20  100.00%
.**.**.*..*.**.****.*****..*****.***.*...            20  100.00%
...............**....................*...            16   80.00%
.*******.**.********************.*****.**            12   60.00%
.**********.********************.********            10   50.00%
.**.**.**.*.**.****.*****..*****.***.**..             8   40.00%
.**.**.**.****.****.*****..*********.**..             8   40.00%
.*..*.......*..**......**.........*......             4   20.00%
........*..*....................*.....*..             2   10.00%

Consensus tree(s) written to treefile: ~/EEOB563_labs/Final/bootMajRule.tre

paup> log stop; quit;
