
RAxML-NG v. 0.8.0 BETA released on 11.01.2019 by The Exelixis Lab.
Authors: Alexey Kozlov, Alexandros Stamatakis, Diego Darriba, Tomas Flouri, Benoit Morel.
Latest version: https://github.com/amkozlov/raxml-ng
Questions/problems/suggestions? Please visit: https://groups.google.com/forum/#!forum/raxml

WARNING: This is a BETA release, please use at your own risk!

RAxML-NG was called at 17-Apr-2019 21:37:28 as follows:

raxml-ng --parse --msa alignment.fa --model PROTGTR --prefix T2

Analysis options:
  run mode: Alignment parsing and compression
  start tree(s): 
  random seed: 1555555048
  tip-inner: OFF
  pattern compression: ON
  per-rate scalers: OFF
  site repeats: ON
  branch lengths: proportional (ML estimate, algorithm: NR-FAST)
  SIMD kernels: AVX
  parallelization: PTHREADS (8 threads), thread pinning: OFF

[00:00:00] Reading alignment from file: alignment.fa
[00:00:00] Loaded alignment with 41 taxa and 395699 sites

Alignment comprises 1 partitions and 340036 patterns

Partition 0: noname
Model: PROTGTR+FO
Alignment sites / patterns: 395699 / 340036
Gaps: 31.46 %
Invariant sites: 15.66 %


NOTE: Binary MSA file created: T2.raxml.rba

* Estimated memory requirements                : 4151 MB

* Recommended number of threads / MPI processes: 63

Please note that numbers given above are rough estimates only. 
Actual memory consumption and parallel performance on your system may differ!

Alignment can be successfully read by RAxML-NG.


Execution log saved to: /home/laurmel/EEOB563_labs/Final/T2.raxml.log

Analysis started: 17-Apr-2019 21:37:28 / finished: 17-Apr-2019 21:37:31

Elapsed time: 3.306 seconds

